c:\users\matst\documents\github\directx-_11_render_assignments\edurend17v1\obj\x86\release\vc142.pdb
c:\users\matst\documents\github\directx-_11_render_assignments\edurend17v1\obj\x86\release\vec.obj
c:\users\matst\documents\github\directx-_11_render_assignments\edurend17v1\obj\x86\release\mat.obj
c:\users\matst\documents\github\directx-_11_render_assignments\edurend17v1\obj\x86\release\main.obj
c:\users\matst\documents\github\directx-_11_render_assignments\edurend17v1\obj\x86\release\mesh.obj
c:\users\matst\documents\github\directx-_11_render_assignments\edurend17v1\obj\x86\release\inputhandler.obj
c:\users\matst\documents\github\directx-_11_render_assignments\edurend17v1\obj\x86\release\geometry.obj
c:\users\matst\documents\github\directx-_11_render_assignments\edurend17v1\bin\x86\edurend.ipdb
c:\users\matst\documents\github\directx-_11_render_assignments\edurend17v1\bin\x86\edurend.iobj
c:\users\matst\documents\github\directx-_11_render_assignments\edurend17v1\bin\x86\edurend.exe
c:\users\matst\documents\github\directx-_11_render_assignments\edurend17v1\bin\x86\edurend.pdb
c:\users\matst\documents\github\directx-_11_render_assignments\edurend17v1\obj\x86\release\vc140.pdb
c:\users\matst\documents\github\directx-_11_render_assignments\edurend17v1\source\../bin/x86/edurend.pdb
c:\users\matst\documents\github\directx-_11_render_assignments\edurend17v1\source\../bin/x86/edurend.exe
c:\users\matst\documents\github\directx-_11_render_assignments\edurend17v1\obj\x86\release\edurend.tlog\cl.command.1.tlog
c:\users\matst\documents\github\directx-_11_render_assignments\edurend17v1\obj\x86\release\edurend.tlog\cl.read.1.tlog
c:\users\matst\documents\github\directx-_11_render_assignments\edurend17v1\obj\x86\release\edurend.tlog\cl.write.1.tlog
c:\users\matst\documents\github\directx-_11_render_assignments\edurend17v1\obj\x86\release\edurend.tlog\edurend.write.1u.tlog
c:\users\matst\documents\github\directx-_11_render_assignments\edurend17v1\obj\x86\release\edurend.tlog\fxc.command.1.tlog
c:\users\matst\documents\github\directx-_11_render_assignments\edurend17v1\obj\x86\release\edurend.tlog\fxc.read.1.tlog
c:\users\matst\documents\github\directx-_11_render_assignments\edurend17v1\obj\x86\release\edurend.tlog\link.command.1.tlog
c:\users\matst\documents\github\directx-_11_render_assignments\edurend17v1\obj\x86\release\edurend.tlog\link.delete.1.tlog
c:\users\matst\documents\github\directx-_11_render_assignments\edurend17v1\obj\x86\release\edurend.tlog\link.read.1.tlog
c:\users\matst\documents\github\directx-_11_render_assignments\edurend17v1\obj\x86\release\edurend.tlog\link.write.1.tlog
