  Geometry.cpp
  C:\Program Files (x86)\Windows Kits\10\Include\10.0.18362.0\um\dinput.h: DIRECTINPUT_VERSION undefined. Defaulting to version 0x0800
C:\Users\matst\Documents\GitHub\DirectX-_11_Render_Assignments\eduRend17v1\source\vec\math.h(16,1): warning C4005:  'NDEBUG': macro redefinition
C:\Users\matst\Documents\GitHub\DirectX-_11_Render_Assignments\eduRend17v1\source\vec\math.h(16,1): warning C4005: C:\Users\matst\Documents\GitHub\DirectX-_11_Render_Assignments\eduRend17v1\source\Geometry.cpp: note: see previous definition of 'NDEBUG'
C:\Users\matst\Documents\GitHub\DirectX-_11_Render_Assignments\eduRend17v1\source\vec\math.h(48,68): warning C4244:  'return': conversion from 'int' to 'float', possible loss of data
C:\Users\matst\Documents\GitHub\DirectX-_11_Render_Assignments\eduRend17v1\source\mesh.h(67,20): warning C4018:  '<': signed/unsigned mismatch
C:\Users\matst\Documents\GitHub\DirectX-_11_Render_Assignments\eduRend17v1\source\mesh.h(70,24): warning C4018:  '<': signed/unsigned mismatch
C:\Users\matst\Documents\GitHub\DirectX-_11_Render_Assignments\eduRend17v1\source\Geometry.cpp(174,36): warning C4838:  conversion from 'float' to 'UINT' requires a narrowing conversion
C:\Users\matst\Documents\GitHub\DirectX-_11_Render_Assignments\eduRend17v1\source\Geometry.cpp(174,36): warning C4244:  'initializing': conversion from 'float' to 'UINT', possible loss of data
C:\Users\matst\Documents\GitHub\DirectX-_11_Render_Assignments\eduRend17v1\source\Geometry.cpp(187,36): warning C4838:  conversion from 'float' to 'UINT' requires a narrowing conversion
C:\Users\matst\Documents\GitHub\DirectX-_11_Render_Assignments\eduRend17v1\source\Geometry.cpp(187,36): warning C4244:  'initializing': conversion from 'float' to 'UINT', possible loss of data
C:\Users\matst\Documents\GitHub\DirectX-_11_Render_Assignments\eduRend17v1\source\Geometry.cpp(342,36): warning C4838:  conversion from 'float' to 'UINT' requires a narrowing conversion
C:\Users\matst\Documents\GitHub\DirectX-_11_Render_Assignments\eduRend17v1\source\Geometry.cpp(342,36): warning C4244:  'initializing': conversion from 'float' to 'UINT', possible loss of data
C:\Users\matst\Documents\GitHub\DirectX-_11_Render_Assignments\eduRend17v1\source\Geometry.cpp(355,36): warning C4838:  conversion from 'float' to 'UINT' requires a narrowing conversion
C:\Users\matst\Documents\GitHub\DirectX-_11_Render_Assignments\eduRend17v1\source\Geometry.cpp(355,36): warning C4244:  'initializing': conversion from 'float' to 'UINT', possible loss of data
C:\Users\matst\Documents\GitHub\DirectX-_11_Render_Assignments\eduRend17v1\source\Geometry.cpp(426,36): warning C4838:  conversion from 'float' to 'UINT' requires a narrowing conversion
C:\Users\matst\Documents\GitHub\DirectX-_11_Render_Assignments\eduRend17v1\source\Geometry.cpp(426,36): warning C4244:  'initializing': conversion from 'float' to 'UINT', possible loss of data
C:\Users\matst\Documents\GitHub\DirectX-_11_Render_Assignments\eduRend17v1\source\Geometry.cpp(439,36): warning C4838:  conversion from 'float' to 'UINT' requires a narrowing conversion
C:\Users\matst\Documents\GitHub\DirectX-_11_Render_Assignments\eduRend17v1\source\Geometry.cpp(439,36): warning C4244:  'initializing': conversion from 'float' to 'UINT', possible loss of data
C:\Users\matst\Documents\GitHub\DirectX-_11_Render_Assignments\eduRend17v1\source\vec\vec.h(253,36): warning C4244:  'initializing': conversion from 'double' to 'float', possible loss of data
C:\Users\matst\Documents\GitHub\DirectX-_11_Render_Assignments\eduRend17v1\source\vec\vec.h(246): message :  while compiling class template member function 'linalg::vec3<float> &linalg::vec3<float>::normalize(void)'
C:\Users\matst\Documents\GitHub\DirectX-_11_Render_Assignments\eduRend17v1\source\Geometry.cpp(603): message :  see reference to function template instantiation 'linalg::vec3<float> &linalg::vec3<float>::normalize(void)' being compiled
C:\Users\matst\Documents\GitHub\DirectX-_11_Render_Assignments\eduRend17v1\source\vec\vec.h(531): message :  see reference to class template instantiation 'linalg::vec3<float>' being compiled
C:\Users\matst\Documents\GitHub\DirectX-_11_Render_Assignments\eduRend17v1\source\vec\vec.h(479,28): warning C4244:  'argument': conversion from 'double' to 'const T', possible loss of data
C:\Users\matst\Documents\GitHub\DirectX-_11_Render_Assignments\eduRend17v1\source\vec\vec.h(479,28): warning C4244:         with
C:\Users\matst\Documents\GitHub\DirectX-_11_Render_Assignments\eduRend17v1\source\vec\vec.h(479,28): warning C4244:         [
C:\Users\matst\Documents\GitHub\DirectX-_11_Render_Assignments\eduRend17v1\source\vec\vec.h(479,28): warning C4244:             T=float
C:\Users\matst\Documents\GitHub\DirectX-_11_Render_Assignments\eduRend17v1\source\vec\vec.h(479,28): warning C4244:         ]
  InputHandler.cpp
C:\Users\matst\Documents\GitHub\DirectX-_11_Render_Assignments\eduRend17v1\source\mesh.h(57): message :  see reference to function template instantiation 'linalg::vec3<float> linalg::normalize<float>(const linalg::vec3<float> &)' being compiled
C:\Users\matst\Documents\GitHub\DirectX-_11_Render_Assignments\eduRend17v1\source\mesh.h(57): message : C:\Program Files (x86)\Windows Kits\10\Include\10.0.18362.0\um\dinput.h: DIRECTINPUT_VERSION undefined. Defaulting to version 0x0800
C:\Users\matst\Documents\GitHub\DirectX-_11_Render_Assignments\eduRend17v1\source\InputHandler.cpp(181,19): warning C4244:  'return': conversion from 'LONG' to 'float', possible loss of data
  mesh.cpp
C:\Users\matst\Documents\GitHub\DirectX-_11_Render_Assignments\eduRend17v1\source\InputHandler.cpp(185,19): warning C4244:  'return': conversion from 'LONG' to 'float', possible loss of data
C:\Users\matst\Documents\GitHub\DirectX-_11_Render_Assignments\eduRend17v1\source\InputHandler.cpp(185,19): warning C4244: C:\Program Files (x86)\Windows Kits\10\Include\10.0.18362.0\um\dinput.h: DIRECTINPUT_VERSION undefined. Defaulting to version 0x0800
C:\Users\matst\Documents\GitHub\DirectX-_11_Render_Assignments\eduRend17v1\source\mesh.h(67,20): warning C4018:  '<': signed/unsigned mismatch
C:\Users\matst\Documents\GitHub\DirectX-_11_Render_Assignments\eduRend17v1\source\mesh.h(70,24): warning C4018:  '<': signed/unsigned mismatch
C:\Users\matst\Documents\GitHub\DirectX-_11_Render_Assignments\eduRend17v1\source\mesh.cpp(33,1): warning C4996:  'sscanf': This function or variable may be unsafe. Consider using sscanf_s instead. To disable deprecation, use _CRT_SECURE_NO_WARNINGS. See online help for details.
C:\Program Files (x86)\Windows Kits\10\Include\10.0.18362.0\ucrt\stdio.h(2263): message :  see declaration of 'sscanf'
C:\Users\matst\Documents\GitHub\DirectX-_11_Render_Assignments\eduRend17v1\source\mesh.cpp(49,1): warning C4996:  'sscanf': This function or variable may be unsafe. Consider using sscanf_s instead. To disable deprecation, use _CRT_SECURE_NO_WARNINGS. See online help for details.
C:\Program Files (x86)\Windows Kits\10\Include\10.0.18362.0\ucrt\stdio.h(2263): message :  see declaration of 'sscanf'
C:\Users\matst\Documents\GitHub\DirectX-_11_Render_Assignments\eduRend17v1\source\mesh.cpp(58,1): warning C4996:  'sscanf': This function or variable may be unsafe. Consider using sscanf_s instead. To disable deprecation, use _CRT_SECURE_NO_WARNINGS. See online help for details.
C:\Program Files (x86)\Windows Kits\10\Include\10.0.18362.0\ucrt\stdio.h(2263): message :  see declaration of 'sscanf'
C:\Users\matst\Documents\GitHub\DirectX-_11_Render_Assignments\eduRend17v1\source\mesh.cpp(67,1): warning C4996:  'sscanf': This function or variable may be unsafe. Consider using sscanf_s instead. To disable deprecation, use _CRT_SECURE_NO_WARNINGS. See online help for details.
C:\Program Files (x86)\Windows Kits\10\Include\10.0.18362.0\ucrt\stdio.h(2263): message :  see declaration of 'sscanf'
C:\Users\matst\Documents\GitHub\DirectX-_11_Render_Assignments\eduRend17v1\source\mesh.cpp(76,1): warning C4996:  'sscanf': This function or variable may be unsafe. Consider using sscanf_s instead. To disable deprecation, use _CRT_SECURE_NO_WARNINGS. See online help for details.
C:\Program Files (x86)\Windows Kits\10\Include\10.0.18362.0\ucrt\stdio.h(2263): message :  see declaration of 'sscanf'
C:\Users\matst\Documents\GitHub\DirectX-_11_Render_Assignments\eduRend17v1\source\mesh.cpp(85,1): warning C4996:  'sscanf': This function or variable may be unsafe. Consider using sscanf_s instead. To disable deprecation, use _CRT_SECURE_NO_WARNINGS. See online help for details.
C:\Program Files (x86)\Windows Kits\10\Include\10.0.18362.0\ucrt\stdio.h(2263): message :  see declaration of 'sscanf'
C:\Users\matst\Documents\GitHub\DirectX-_11_Render_Assignments\eduRend17v1\source\mesh.cpp(95,1): warning C4996:  'sscanf': This function or variable may be unsafe. Consider using sscanf_s instead. To disable deprecation, use _CRT_SECURE_NO_WARNINGS. See online help for details.
C:\Program Files (x86)\Windows Kits\10\Include\10.0.18362.0\ucrt\stdio.h(2263): message :  see declaration of 'sscanf'
C:\Users\matst\Documents\GitHub\DirectX-_11_Render_Assignments\eduRend17v1\source\mesh.cpp(99,1): warning C4996:  'sscanf': This function or variable may be unsafe. Consider using sscanf_s instead. To disable deprecation, use _CRT_SECURE_NO_WARNINGS. See online help for details.
C:\Program Files (x86)\Windows Kits\10\Include\10.0.18362.0\ucrt\stdio.h(2263): message :  see declaration of 'sscanf'
C:\Users\matst\Documents\GitHub\DirectX-_11_Render_Assignments\eduRend17v1\source\mesh.cpp(103,1): warning C4996:  'sscanf': This function or variable may be unsafe. Consider using sscanf_s instead. To disable deprecation, use _CRT_SECURE_NO_WARNINGS. See online help for details.
C:\Program Files (x86)\Windows Kits\10\Include\10.0.18362.0\ucrt\stdio.h(2263): message :  see declaration of 'sscanf'
C:\Users\matst\Documents\GitHub\DirectX-_11_Render_Assignments\eduRend17v1\source\mesh.cpp(29,32): warning C4101:  'str1': unreferenced local variable
C:\Users\matst\Documents\GitHub\DirectX-_11_Render_Assignments\eduRend17v1\source\mesh.cpp(141,1): warning C4996:  'sscanf': This function or variable may be unsafe. Consider using sscanf_s instead. To disable deprecation, use _CRT_SECURE_NO_WARNINGS. See online help for details.
C:\Program Files (x86)\Windows Kits\10\Include\10.0.18362.0\ucrt\stdio.h(2263): message :  see declaration of 'sscanf'
C:\Users\matst\Documents\GitHub\DirectX-_11_Render_Assignments\eduRend17v1\source\mesh.cpp(147,1): warning C4996:  'sscanf': This function or variable may be unsafe. Consider using sscanf_s instead. To disable deprecation, use _CRT_SECURE_NO_WARNINGS. See online help for details.
C:\Program Files (x86)\Windows Kits\10\Include\10.0.18362.0\ucrt\stdio.h(2263): message :  see declaration of 'sscanf'
C:\Users\matst\Documents\GitHub\DirectX-_11_Render_Assignments\eduRend17v1\source\mesh.cpp(156,1): warning C4996:  'sscanf': This function or variable may be unsafe. Consider using sscanf_s instead. To disable deprecation, use _CRT_SECURE_NO_WARNINGS. See online help for details.
C:\Program Files (x86)\Windows Kits\10\Include\10.0.18362.0\ucrt\stdio.h(2263): message :  see declaration of 'sscanf'
C:\Users\matst\Documents\GitHub\DirectX-_11_Render_Assignments\eduRend17v1\source\mesh.cpp(162,1): warning C4996:  'sscanf': This function or variable may be unsafe. Consider using sscanf_s instead. To disable deprecation, use _CRT_SECURE_NO_WARNINGS. See online help for details.
C:\Program Files (x86)\Windows Kits\10\Include\10.0.18362.0\ucrt\stdio.h(2263): message :  see declaration of 'sscanf'
C:\Users\matst\Documents\GitHub\DirectX-_11_Render_Assignments\eduRend17v1\source\mesh.cpp(174,1): warning C4996:  'sscanf': This function or variable may be unsafe. Consider using sscanf_s instead. To disable deprecation, use _CRT_SECURE_NO_WARNINGS. See online help for details.
C:\Program Files (x86)\Windows Kits\10\Include\10.0.18362.0\ucrt\stdio.h(2263): message :  see declaration of 'sscanf'
C:\Users\matst\Documents\GitHub\DirectX-_11_Render_Assignments\eduRend17v1\source\mesh.cpp(180,1): warning C4996:  'sscanf': This function or variable may be unsafe. Consider using sscanf_s instead. To disable deprecation, use _CRT_SECURE_NO_WARNINGS. See online help for details.
C:\Program Files (x86)\Windows Kits\10\Include\10.0.18362.0\ucrt\stdio.h(2263): message :  see declaration of 'sscanf'
C:\Users\matst\Documents\GitHub\DirectX-_11_Render_Assignments\eduRend17v1\source\mesh.cpp(186,1): warning C4996:  'sscanf': This function or variable may be unsafe. Consider using sscanf_s instead. To disable deprecation, use _CRT_SECURE_NO_WARNINGS. See online help for details.
C:\Program Files (x86)\Windows Kits\10\Include\10.0.18362.0\ucrt\stdio.h(2263): message :  see declaration of 'sscanf'
C:\Users\matst\Documents\GitHub\DirectX-_11_Render_Assignments\eduRend17v1\source\mesh.cpp(192,1): warning C4996:  'sscanf': This function or variable may be unsafe. Consider using sscanf_s instead. To disable deprecation, use _CRT_SECURE_NO_WARNINGS. See online help for details.
C:\Program Files (x86)\Windows Kits\10\Include\10.0.18362.0\ucrt\stdio.h(2263): message :  see declaration of 'sscanf'
C:\Users\matst\Documents\GitHub\DirectX-_11_Render_Assignments\eduRend17v1\source\mesh.cpp(198,1): warning C4996:  'sscanf': This function or variable may be unsafe. Consider using sscanf_s instead. To disable deprecation, use _CRT_SECURE_NO_WARNINGS. See online help for details.
C:\Program Files (x86)\Windows Kits\10\Include\10.0.18362.0\ucrt\stdio.h(2263): message :  see declaration of 'sscanf'
C:\Users\matst\Documents\GitHub\DirectX-_11_Render_Assignments\eduRend17v1\source\mesh.cpp(209,1): warning C4996:  'sscanf': This function or variable may be unsafe. Consider using sscanf_s instead. To disable deprecation, use _CRT_SECURE_NO_WARNINGS. See online help for details.
C:\Program Files (x86)\Windows Kits\10\Include\10.0.18362.0\ucrt\stdio.h(2263): message :  see declaration of 'sscanf'
C:\Users\matst\Documents\GitHub\DirectX-_11_Render_Assignments\eduRend17v1\source\mesh.cpp(215,1): warning C4996:  'sscanf': This function or variable may be unsafe. Consider using sscanf_s instead. To disable deprecation, use _CRT_SECURE_NO_WARNINGS. See online help for details.
C:\Program Files (x86)\Windows Kits\10\Include\10.0.18362.0\ucrt\stdio.h(2263): message :  see declaration of 'sscanf'
C:\Users\matst\Documents\GitHub\DirectX-_11_Render_Assignments\eduRend17v1\source\mesh.cpp(226,1): warning C4996:  'sscanf': This function or variable may be unsafe. Consider using sscanf_s instead. To disable deprecation, use _CRT_SECURE_NO_WARNINGS. See online help for details.
C:\Program Files (x86)\Windows Kits\10\Include\10.0.18362.0\ucrt\stdio.h(2263): message :  see declaration of 'sscanf'
C:\Users\matst\Documents\GitHub\DirectX-_11_Render_Assignments\eduRend17v1\source\mesh.cpp(232,1): warning C4996:  'sscanf': This function or variable may be unsafe. Consider using sscanf_s instead. To disable deprecation, use _CRT_SECURE_NO_WARNINGS. See online help for details.
C:\Program Files (x86)\Windows Kits\10\Include\10.0.18362.0\ucrt\stdio.h(2263): message :  see declaration of 'sscanf'
C:\Users\matst\Documents\GitHub\DirectX-_11_Render_Assignments\eduRend17v1\source\mesh.cpp(243,1): warning C4996:  'sscanf': This function or variable may be unsafe. Consider using sscanf_s instead. To disable deprecation, use _CRT_SECURE_NO_WARNINGS. See online help for details.
C:\Program Files (x86)\Windows Kits\10\Include\10.0.18362.0\ucrt\stdio.h(2263): message :  see declaration of 'sscanf'
C:\Users\matst\Documents\GitHub\DirectX-_11_Render_Assignments\eduRend17v1\source\mesh.cpp(249,1): warning C4996:  'sscanf': This function or variable may be unsafe. Consider using sscanf_s instead. To disable deprecation, use _CRT_SECURE_NO_WARNINGS. See online help for details.
C:\Program Files (x86)\Windows Kits\10\Include\10.0.18362.0\ucrt\stdio.h(2263): message :  see declaration of 'sscanf'
C:\Users\matst\Documents\GitHub\DirectX-_11_Render_Assignments\eduRend17v1\source\mesh.cpp(260,1): warning C4996:  'sscanf': This function or variable may be unsafe. Consider using sscanf_s instead. To disable deprecation, use _CRT_SECURE_NO_WARNINGS. See online help for details.
C:\Program Files (x86)\Windows Kits\10\Include\10.0.18362.0\ucrt\stdio.h(2263): message :  see declaration of 'sscanf'
C:\Users\matst\Documents\GitHub\DirectX-_11_Render_Assignments\eduRend17v1\source\vec\vec.h(479,28): warning C4244:  'argument': conversion from 'double' to 'const T', possible loss of data
C:\Users\matst\Documents\GitHub\DirectX-_11_Render_Assignments\eduRend17v1\source\vec\vec.h(479,28): warning C4244:         with
C:\Users\matst\Documents\GitHub\DirectX-_11_Render_Assignments\eduRend17v1\source\vec\vec.h(479,28): warning C4244:         [
C:\Users\matst\Documents\GitHub\DirectX-_11_Render_Assignments\eduRend17v1\source\vec\vec.h(479,28): warning C4244:             T=float
C:\Users\matst\Documents\GitHub\DirectX-_11_Render_Assignments\eduRend17v1\source\vec\vec.h(479,28): warning C4244:         ]
  Main.cpp
C:\Users\matst\Documents\GitHub\DirectX-_11_Render_Assignments\eduRend17v1\source\mesh.h(57): message :  see reference to function template instantiation 'linalg::vec3<float> linalg::normalize<float>(const linalg::vec3<float> &)' being compiled
C:\Users\matst\Documents\GitHub\DirectX-_11_Render_Assignments\eduRend17v1\source\mesh.h(57): message : C:\Program Files (x86)\Windows Kits\10\Include\10.0.18362.0\um\dinput.h: DIRECTINPUT_VERSION undefined. Defaulting to version 0x0800
C:\Users\matst\Documents\GitHub\DirectX-_11_Render_Assignments\eduRend17v1\source\vec\math.h(16,1): warning C4005:  'NDEBUG': macro redefinition
C:\Users\matst\Documents\GitHub\DirectX-_11_Render_Assignments\eduRend17v1\source\vec\math.h(16,1): warning C4005: C:\Users\matst\Documents\GitHub\DirectX-_11_Render_Assignments\eduRend17v1\source\Main.cpp: note: see previous definition of 'NDEBUG'
C:\Users\matst\Documents\GitHub\DirectX-_11_Render_Assignments\eduRend17v1\source\vec\math.h(48,68): warning C4244:  'return': conversion from 'int' to 'float', possible loss of data
C:\Users\matst\Documents\GitHub\DirectX-_11_Render_Assignments\eduRend17v1\source\mesh.h(67,20): warning C4018:  '<': signed/unsigned mismatch
C:\Users\matst\Documents\GitHub\DirectX-_11_Render_Assignments\eduRend17v1\source\mesh.h(70,24): warning C4018:  '<': signed/unsigned mismatch
C:\Users\matst\Documents\GitHub\DirectX-_11_Render_Assignments\eduRend17v1\source\Main.cpp(248,24): warning C4305:  'argument': truncation from 'double' to 'const T'
C:\Users\matst\Documents\GitHub\DirectX-_11_Render_Assignments\eduRend17v1\source\Main.cpp(248,24): warning C4305:         with
C:\Users\matst\Documents\GitHub\DirectX-_11_Render_Assignments\eduRend17v1\source\Main.cpp(248,24): warning C4305:         [
C:\Users\matst\Documents\GitHub\DirectX-_11_Render_Assignments\eduRend17v1\source\Main.cpp(248,24): warning C4305:             T=float
C:\Users\matst\Documents\GitHub\DirectX-_11_Render_Assignments\eduRend17v1\source\Main.cpp(248,24): warning C4305:         ]
C:\Users\matst\Documents\GitHub\DirectX-_11_Render_Assignments\eduRend17v1\source\Main.cpp(277,39): warning C4305:  'argument': truncation from 'double' to 'const T'
C:\Users\matst\Documents\GitHub\DirectX-_11_Render_Assignments\eduRend17v1\source\Main.cpp(277,39): warning C4305:         with
C:\Users\matst\Documents\GitHub\DirectX-_11_Render_Assignments\eduRend17v1\source\Main.cpp(277,39): warning C4305:         [
C:\Users\matst\Documents\GitHub\DirectX-_11_Render_Assignments\eduRend17v1\source\Main.cpp(277,39): warning C4305:             T=float
C:\Users\matst\Documents\GitHub\DirectX-_11_Render_Assignments\eduRend17v1\source\Main.cpp(277,39): warning C4305:         ]
C:\Users\matst\Documents\GitHub\DirectX-_11_Render_Assignments\eduRend17v1\source\Main.cpp(279,40): warning C4305:  'argument': truncation from 'double' to 'const T'
C:\Users\matst\Documents\GitHub\DirectX-_11_Render_Assignments\eduRend17v1\source\Main.cpp(279,40): warning C4305:         with
C:\Users\matst\Documents\GitHub\DirectX-_11_Render_Assignments\eduRend17v1\source\Main.cpp(279,40): warning C4305:         [
C:\Users\matst\Documents\GitHub\DirectX-_11_Render_Assignments\eduRend17v1\source\Main.cpp(279,40): warning C4305:             T=float
C:\Users\matst\Documents\GitHub\DirectX-_11_Render_Assignments\eduRend17v1\source\Main.cpp(279,40): warning C4305:         ]
C:\Users\matst\Documents\GitHub\DirectX-_11_Render_Assignments\eduRend17v1\source\Main.cpp(281,40): warning C4305:  'argument': truncation from 'double' to 'const T'
C:\Users\matst\Documents\GitHub\DirectX-_11_Render_Assignments\eduRend17v1\source\Main.cpp(281,40): warning C4305:         with
C:\Users\matst\Documents\GitHub\DirectX-_11_Render_Assignments\eduRend17v1\source\Main.cpp(281,40): warning C4305:         [
C:\Users\matst\Documents\GitHub\DirectX-_11_Render_Assignments\eduRend17v1\source\Main.cpp(281,40): warning C4305:             T=float
C:\Users\matst\Documents\GitHub\DirectX-_11_Render_Assignments\eduRend17v1\source\Main.cpp(281,40): warning C4305:         ]
C:\Users\matst\Documents\GitHub\DirectX-_11_Render_Assignments\eduRend17v1\source\Main.cpp(283,41): warning C4305:  'argument': truncation from 'double' to 'const T'
C:\Users\matst\Documents\GitHub\DirectX-_11_Render_Assignments\eduRend17v1\source\Main.cpp(283,41): warning C4305:         with
C:\Users\matst\Documents\GitHub\DirectX-_11_Render_Assignments\eduRend17v1\source\Main.cpp(283,41): warning C4305:         [
C:\Users\matst\Documents\GitHub\DirectX-_11_Render_Assignments\eduRend17v1\source\Main.cpp(283,41): warning C4305:             T=float
C:\Users\matst\Documents\GitHub\DirectX-_11_Render_Assignments\eduRend17v1\source\Main.cpp(283,41): warning C4305:         ]
C:\Users\matst\Documents\GitHub\DirectX-_11_Render_Assignments\eduRend17v1\source\Main.cpp(286,39): warning C4305:  'argument': truncation from 'double' to 'const T'
C:\Users\matst\Documents\GitHub\DirectX-_11_Render_Assignments\eduRend17v1\source\Main.cpp(286,39): warning C4305:         with
C:\Users\matst\Documents\GitHub\DirectX-_11_Render_Assignments\eduRend17v1\source\Main.cpp(286,39): warning C4305:         [
C:\Users\matst\Documents\GitHub\DirectX-_11_Render_Assignments\eduRend17v1\source\Main.cpp(286,39): warning C4305:             T=float
C:\Users\matst\Documents\GitHub\DirectX-_11_Render_Assignments\eduRend17v1\source\Main.cpp(286,39): warning C4305:         ]
C:\Users\matst\Documents\GitHub\DirectX-_11_Render_Assignments\eduRend17v1\source\Main.cpp(379,1): warning C4996:  'freopen': This function or variable may be unsafe. Consider using freopen_s instead. To disable deprecation, use _CRT_SECURE_NO_WARNINGS. See online help for details.
C:\Program Files (x86)\Windows Kits\10\Include\10.0.18362.0\ucrt\stdio.h(243): message :  see declaration of 'freopen'
C:\Users\matst\Documents\GitHub\DirectX-_11_Render_Assignments\eduRend17v1\source\Main.cpp(380,1): warning C4996:  'freopen': This function or variable may be unsafe. Consider using freopen_s instead. To disable deprecation, use _CRT_SECURE_NO_WARNINGS. See online help for details.
C:\Program Files (x86)\Windows Kits\10\Include\10.0.18362.0\ucrt\stdio.h(243): message :  see declaration of 'freopen'
C:\Users\matst\Documents\GitHub\DirectX-_11_Render_Assignments\eduRend17v1\source\Main.cpp(381,1): warning C4996:  'freopen': This function or variable may be unsafe. Consider using freopen_s instead. To disable deprecation, use _CRT_SECURE_NO_WARNINGS. See online help for details.
C:\Program Files (x86)\Windows Kits\10\Include\10.0.18362.0\ucrt\stdio.h(243): message :  see declaration of 'freopen'
C:\Users\matst\Documents\GitHub\DirectX-_11_Render_Assignments\eduRend17v1\source\Main.cpp(913,15): warning C4244:  '=': conversion from 'int' to 'FLOAT', possible loss of data
C:\Users\matst\Documents\GitHub\DirectX-_11_Render_Assignments\eduRend17v1\source\Main.cpp(914,16): warning C4244:  '=': conversion from 'int' to 'FLOAT', possible loss of data
C:\Users\matst\Documents\GitHub\DirectX-_11_Render_Assignments\eduRend17v1\source\vec\mat.h(527,18): warning C4244:  'initializing': conversion from 'double' to 'T', possible loss of data
C:\Users\matst\Documents\GitHub\DirectX-_11_Render_Assignments\eduRend17v1\source\vec\mat.h(527,18): warning C4244:         with
C:\Users\matst\Documents\GitHub\DirectX-_11_Render_Assignments\eduRend17v1\source\vec\mat.h(527,18): warning C4244:         [
C:\Users\matst\Documents\GitHub\DirectX-_11_Render_Assignments\eduRend17v1\source\vec\mat.h(527,18): warning C4244:             T=float
C:\Users\matst\Documents\GitHub\DirectX-_11_Render_Assignments\eduRend17v1\source\vec\mat.h(527,18): warning C4244:         ]
C:\Users\matst\Documents\GitHub\DirectX-_11_Render_Assignments\eduRend17v1\source\vec\mat.h(524): message :  while compiling class template member function 'linalg::mat4<float> linalg::mat4<float>::rotation(const T &,const T &,const T &,const T &)'
C:\Users\matst\Documents\GitHub\DirectX-_11_Render_Assignments\eduRend17v1\source\vec\mat.h(524): message :         with
C:\Users\matst\Documents\GitHub\DirectX-_11_Render_Assignments\eduRend17v1\source\vec\mat.h(524): message :         [
C:\Users\matst\Documents\GitHub\DirectX-_11_Render_Assignments\eduRend17v1\source\vec\mat.h(524): message :             T=float
C:\Users\matst\Documents\GitHub\DirectX-_11_Render_Assignments\eduRend17v1\source\vec\mat.h(524): message :         ]
C:\Users\matst\Documents\GitHub\DirectX-_11_Render_Assignments\eduRend17v1\source\Main.cpp(236): message :  see reference to function template instantiation 'linalg::mat4<float> linalg::mat4<float>::rotation(const T &,const T &,const T &,const T &)' being compiled
C:\Users\matst\Documents\GitHub\DirectX-_11_Render_Assignments\eduRend17v1\source\Main.cpp(236): message :         with
C:\Users\matst\Documents\GitHub\DirectX-_11_Render_Assignments\eduRend17v1\source\Main.cpp(236): message :         [
C:\Users\matst\Documents\GitHub\DirectX-_11_Render_Assignments\eduRend17v1\source\Main.cpp(236): message :             T=float
C:\Users\matst\Documents\GitHub\DirectX-_11_Render_Assignments\eduRend17v1\source\Main.cpp(236): message :         ]
C:\Users\matst\Documents\GitHub\DirectX-_11_Render_Assignments\eduRend17v1\source\vec\mat.h(666): message :  see reference to class template instantiation 'linalg::mat4<float>' being compiled
C:\Users\matst\Documents\GitHub\DirectX-_11_Render_Assignments\eduRend17v1\source\vec\vec.h(479,28): warning C4244:  'argument': conversion from 'double' to 'const T', possible loss of data
C:\Users\matst\Documents\GitHub\DirectX-_11_Render_Assignments\eduRend17v1\source\vec\vec.h(479,28): warning C4244:         with
C:\Users\matst\Documents\GitHub\DirectX-_11_Render_Assignments\eduRend17v1\source\vec\vec.h(479,28): warning C4244:         [
C:\Users\matst\Documents\GitHub\DirectX-_11_Render_Assignments\eduRend17v1\source\vec\vec.h(479,28): warning C4244:             T=float
C:\Users\matst\Documents\GitHub\DirectX-_11_Render_Assignments\eduRend17v1\source\vec\vec.h(479,28): warning C4244:         ]
  mat.cpp
C:\Users\matst\Documents\GitHub\DirectX-_11_Render_Assignments\eduRend17v1\source\mesh.h(57): message :  see reference to function template instantiation 'linalg::vec3<float> linalg::normalize<float>(const linalg::vec3<float> &)' being compiled
C:\Users\matst\Documents\GitHub\DirectX-_11_Render_Assignments\eduRend17v1\source\vec\math.h(16,1): warning C4005:  'NDEBUG': macro redefinition
C:\Users\matst\Documents\GitHub\DirectX-_11_Render_Assignments\eduRend17v1\source\vec\math.h(16,1): warning C4005: C:\Users\matst\Documents\GitHub\DirectX-_11_Render_Assignments\eduRend17v1\source\vec\mat.cpp: note: see previous definition of 'NDEBUG'
C:\Users\matst\Documents\GitHub\DirectX-_11_Render_Assignments\eduRend17v1\source\vec\math.h(48,68): warning C4244:  'return': conversion from 'int' to 'float', possible loss of data
C:\Users\matst\Documents\GitHub\DirectX-_11_Render_Assignments\eduRend17v1\source\vec\vec.h(253,36): warning C4244:  'initializing': conversion from 'double' to 'float', possible loss of data
C:\Users\matst\Documents\GitHub\DirectX-_11_Render_Assignments\eduRend17v1\source\vec\vec.h(246): message :  while compiling class template member function 'linalg::vec3<float> &linalg::vec3<float>::normalize(void)'
C:\Users\matst\Documents\GitHub\DirectX-_11_Render_Assignments\eduRend17v1\source\vec\mat.cpp(25): message :  see reference to function template instantiation 'linalg::vec3<float> &linalg::vec3<float>::normalize(void)' being compiled
  vec.cpp
C:\Users\matst\Documents\GitHub\DirectX-_11_Render_Assignments\eduRend17v1\source\vec\vec.h(531): message :  see reference to class template instantiation 'linalg::vec3<float>' being compiled
C:\Users\matst\Documents\GitHub\DirectX-_11_Render_Assignments\eduRend17v1\source\vec\math.h(16,1): warning C4005:  'NDEBUG': macro redefinition
C:\Users\matst\Documents\GitHub\DirectX-_11_Render_Assignments\eduRend17v1\source\vec\math.h(16,1): warning C4005: C:\Users\matst\Documents\GitHub\DirectX-_11_Render_Assignments\eduRend17v1\source\vec\vec.cpp: note: see previous definition of 'NDEBUG'
C:\Users\matst\Documents\GitHub\DirectX-_11_Render_Assignments\eduRend17v1\source\vec\math.h(48,68): warning C4244:  'return': conversion from 'int' to 'float', possible loss of data
  Generating code
  Previous IPDB not found, fall back to full compilation.
  All 1718 functions were compiled because no usable IPDB/IOBJ from previous compilation was found.
  Finished generating code
DirectXTK.lib(DDSTextureLoader.obj) : warning LNK4099: PDB 'DirectXTK.pdb' was not found with 'DirectXTK.lib(DDSTextureLoader.obj)' or at 'C:\Users\matst\Documents\GitHub\DirectX-_11_Render_Assignments\eduRend17v1\Bin\x86\DirectXTK.pdb'; linking object as if no debug info
DirectXTK.lib(pch.obj) : warning LNK4099: PDB 'DirectXTK.pdb' was not found with 'DirectXTK.lib(pch.obj)' or at 'C:\Users\matst\Documents\GitHub\DirectX-_11_Render_Assignments\eduRend17v1\Bin\x86\DirectXTK.pdb'; linking object as if no debug info
DirectXTK.lib(WICTextureLoader.obj) : warning LNK4099: PDB 'DirectXTK.pdb' was not found with 'DirectXTK.lib(WICTextureLoader.obj)' or at 'C:\Users\matst\Documents\GitHub\DirectX-_11_Render_Assignments\eduRend17v1\Bin\x86\DirectXTK.pdb'; linking object as if no debug info
  Template.vcxproj -> C:\Users\matst\Documents\GitHub\DirectX-_11_Render_Assignments\eduRend17v1\source\../Bin/x86/eduRend.exe
